<?xml version="1.0" encoding="UTF-8"?>
<robot generator="Robot 7.0.1 (Python 3.9.6 on darwin)" generated="2024-07-02T17:56:12.564542" rpa="false" schemaversion="5">
<suite id="s1" name="03. Serve API" source="/Users/gabrielbarbosa/Docs/-PTFL-SwagLabs-Gab/tests/03. Serve_API.robot">
<test id="s1-t1" name="Create New User POST" line="9">
<kw name="Create Session" owner="RequestsLibrary">
<msg time="2024-07-02T17:56:12.888339" level="INFO">Creating Session using : alias=server_rest, url=https://serverest.dev, headers={},                     cookies={}, auth=None, timeout=None, proxies=None, verify=False,                     debug=0 </msg>
<arg>alias=server_rest</arg>
<arg>url=https://serverest.dev</arg>
<doc>Create Session: create a HTTP session to a server</doc>
<status status="PASS" start="2024-07-02T17:56:12.887867" elapsed="0.002889"/>
</kw>
<kw name="Create Dictionary" owner="BuiltIn">
<msg time="2024-07-02T17:56:12.892467" level="INFO">${header} = {'Content-Type': 'application/json'}</msg>
<var>${header}</var>
<arg>Content-Type=application/json</arg>
<doc>Creates and returns a dictionary based on the given ``items``.</doc>
<status status="PASS" start="2024-07-02T17:56:12.891771" elapsed="0.000883"/>
</kw>
<kw name="POST On Session" owner="RequestsLibrary">
<msg time="2024-07-02T17:56:13.170498" level="INFO">POST Request : url=https://serverest.dev/usuarios 
 path_url=/usuarios 
 headers={'User-Agent': 'python-requests/2.32.3', 'Accept-Encoding': 'gzip, deflate', 'Accept': '*/*', 'Connection': 'keep-alive', 'Content-Type': 'application/json', 'Content-Length': '103'} 
 body= { "nome": "Gab APIT", "email": "apitestubg@qa4.com.br", "password": "tst321", "administrador": "true"} 
 </msg>
<msg time="2024-07-02T17:56:13.170837" level="INFO">POST Response : url=https://serverest.dev/usuarios 
 status=201, reason=Created 
 headers={'access-control-allow-origin': '*', 'x-dns-prefetch-control': 'off', 'x-frame-options': 'SAMEORIGIN', 'strict-transport-security': 'max-age=15552000; includeSubDomains', 'x-download-options': 'noopen', 'x-content-type-options': 'nosniff', 'x-xss-protection': '1; mode=block', 'content-type': 'application/json; charset=utf-8', 'X-Cloud-Trace-Context': '44fcd82f7dcbf63cb666a2ded0822892;o=1', 'Date': 'Tue, 02 Jul 2024 16:56:13 GMT', 'Server': 'Google Frontend', 'Content-Length': '82'} 
 body={
    "message": "Cadastro realizado com sucesso",
    "_id": "LG5ie4GruisTpX6D"
} 
 </msg>
<msg time="2024-07-02T17:56:13.171071" level="INFO">/Users/gabrielbarbosa/Library/Python/3.9/lib/python/site-packages/urllib3/connectionpool.py:1099: InsecureRequestWarning: Unverified HTTPS request is being made to host 'serverest.dev'. Adding certificate verification is strongly advised. See: https://urllib3.readthedocs.io/en/latest/advanced-usage.html#tls-warnings
  warnings.warn(</msg>
<msg time="2024-07-02T17:56:13.171497" level="INFO">${response} = &lt;Response [201]&gt;</msg>
<var>${response}</var>
<arg>alias=server_rest</arg>
<arg>url=/usuarios</arg>
<arg>expected_status=201</arg>
<arg>headers=${header}</arg>
<arg>data= { "nome": "Gab APIT", "email": "apitestubg@qa4.com.br", "password": "tst321", "administrador": "true"}</arg>
<doc>Sends a POST request on a previously created HTTP Session.</doc>
<status status="PASS" start="2024-07-02T17:56:12.893212" elapsed="0.278538"/>
</kw>
<kw name="Log" owner="BuiltIn">
<msg time="2024-07-02T17:56:13.174062" level="INFO">{'message': 'Cadastro realizado com sucesso', '_id': 'LG5ie4GruisTpX6D'}</msg>
<arg>${response.json()}</arg>
<arg>console=True</arg>
<doc>Logs the given message with the given level.</doc>
<status status="PASS" start="2024-07-02T17:56:13.172754" elapsed="0.001766"/>
</kw>
<status status="PASS" start="2024-07-02T17:56:12.885956" elapsed="0.289678"/>
</test>
<status status="PASS" start="2024-07-02T17:56:12.569427" elapsed="0.608899"/>
</suite>
<statistics>
<total>
<stat pass="1" fail="0" skip="0">All Tests</stat>
</total>
<tag>
</tag>
<suite>
<stat pass="1" fail="0" skip="0" id="s1" name="03. Serve API">03. Serve API</stat>
</suite>
</statistics>
<errors>
</errors>
</robot>
