<?xml version="1.0" encoding="UTF-8"?>
<robot generator="Robot 7.0.1 (Python 3.11.9 on darwin)" generated="2024-07-01T17:33:26.200711" rpa="false" schemaversion="5">
<suite id="s1" name="-PTFL-SwagLabs-Gab" source="/Users/gabrielbarbosa/Docs/-PTFL-SwagLabs-Gab">
<suite id="s1-s1" name="Tests" source="/Users/gabrielbarbosa/Docs/-PTFL-SwagLabs-Gab/tests">
<suite id="s1-s1-s1" name="API" source="/Users/gabrielbarbosa/Docs/-PTFL-SwagLabs-Gab/tests/API.robot">
<test id="s1-s1-s1-t1" name="TC03: Making another GET 2" line="36">
<kw name="Create Session" owner="RequestsLibrary">
<msg time="2024-07-01T17:33:26.391526" level="INFO">Creating Session using : alias=faker_api, url=https://fakerapi.it/api/v1/, headers={},                     cookies={}, auth=None, timeout=None, proxies=None, verify=False,                     debug=0 </msg>
<arg>alias=faker_api</arg>
<arg>url=https://fakerapi.it/api/v1/</arg>
<doc>Create Session: create a HTTP session to a server</doc>
<status status="PASS" start="2024-07-01T17:33:26.391352" elapsed="0.000346"/>
</kw>
<kw name="GET On Session" owner="RequestsLibrary">
<msg time="2024-07-01T17:33:26.747714" level="INFO">GET Request : url=https://fakerapi.it/api/v1/images?_quantity=3&amp;_type=kittens&amp;_height=300 
 path_url=/api/v1/images?_quantity=3&amp;_type=kittens&amp;_height=300 
 headers={'User-Agent': 'python-requests/2.32.3', 'Accept-Encoding': 'gzip, deflate', 'Accept': '*/*', 'Connection': 'keep-alive'} 
 body=None 
 </msg>
<msg time="2024-07-01T17:33:26.748047" level="INFO">GET Response : url=https://fakerapi.it/api/v1/images?_quantity=3&amp;_type=kittens&amp;_height=300 
 status=200, reason=OK 
 headers={'Server': 'nginx', 'Content-Type': 'application/json', 'Transfer-Encoding': 'chunked', 'Connection': 'keep-alive', 'Vary': 'Accept-Encoding', 'X-Powered-By': 'PHP/7.3.33', 'Cache-Control': 'no-cache, private', 'Date': 'Mon, 01 Jul 2024 16:33:26 GMT', 'X-RateLimit-Limit': '30', 'X-RateLimit-Remaining': '28', 'Access-Control-Allow-Origin': '*', 'Access-Control-Allow-Methods': 'GET', 'Access-Control-Allow-Credentials': 'true', 'Access-Control-Max-Age': '86400', 'Access-Control-Allow-Headers': 'Content-Type, Authorization, X-Requested-With', 'X-UA-Compatible': 'IE=Edge,chrome=1', 'Content-Encoding': 'gzip'} 
 body={"status":"OK","code":200,"total":3,"data":[{"title":"Inventore earum et placeat.","description":"Non accusantium ipsa culpa dignissimos placeat odio ut. Facere et et ut quos id molestiae. Praesentium est nesciunt maxime.","url":"https:\/\/placekitten.com\/700\/300"},{"title":"Pariatur fuga veritatis vel.","description":"Nihil et voluptatem velit unde sit culpa. Est sed blanditiis non excepturi. In nesciunt sed assumenda quam natus omnis.","url":"https:\/\/placekitten.com\/300\/300"},{"title":"Qui doloremque itaque et ut.","description":"Qui rem aut impedit iusto. Corporis incidunt culpa vitae sit. Vero ipsam velit corrupti fugiat sit. Minus nulla aut qui aut eum ut.","url":"https:\/\/placekitten.com\/100\/300"}]} 
 </msg>
<msg time="2024-07-01T17:33:26.748149" level="INFO">/Users/gabrielbarbosa/.pyenv/versions/3.11.9/lib/python3.11/site-packages/urllib3/connectionpool.py:1099: InsecureRequestWarning: Unverified HTTPS request is being made to host 'fakerapi.it'. Adding certificate verification is strongly advised. See: https://urllib3.readthedocs.io/en/latest/advanced-usage.html#tls-warnings
  warnings.warn(</msg>
<msg time="2024-07-01T17:33:26.748305" level="INFO">${RESPONSE} = &lt;Response [200]&gt;</msg>
<var>${RESPONSE}</var>
<arg>alias=faker_api</arg>
<arg>url=images?_quantity=3&amp;_type=kittens&amp;_height=300</arg>
<arg>expected_status=200</arg>
<arg>msg=## This message shows when it fails ## -&gt;</arg>
<doc>Sends a GET request on a previously created HTTP Session.</doc>
<status status="PASS" start="2024-07-01T17:33:26.391914" elapsed="0.356431"/>
</kw>
<kw name="Log To Console" owner="BuiltIn">
<arg>${RESPONSE}</arg>
<doc>Logs the given message to the console.</doc>
<status status="PASS" start="2024-07-01T17:33:26.748615" elapsed="0.000276"/>
</kw>
<kw name="Log To Console" owner="BuiltIn">
<arg>${RESPONSE.text}</arg>
<doc>Logs the given message to the console.</doc>
<status status="PASS" start="2024-07-01T17:33:26.749075" elapsed="0.000582"/>
</kw>
<tag>api2</tag>
<status status="PASS" start="2024-07-01T17:33:26.390433" elapsed="0.359417"/>
</test>
<status status="PASS" start="2024-07-01T17:33:26.227613" elapsed="0.522677"/>
</suite>
<status status="PASS" start="2024-07-01T17:33:26.226406" elapsed="0.524641"/>
</suite>
<status status="PASS" start="2024-07-01T17:33:26.202040" elapsed="0.549504"/>
</suite>
<statistics>
<total>
<stat pass="1" fail="0" skip="0">All Tests</stat>
</total>
<tag>
<stat pass="1" fail="0" skip="0">api2</stat>
</tag>
<suite>
<stat pass="1" fail="0" skip="0" id="s1" name="-PTFL-SwagLabs-Gab">-PTFL-SwagLabs-Gab</stat>
<stat pass="1" fail="0" skip="0" id="s1-s1" name="Tests">-PTFL-SwagLabs-Gab.Tests</stat>
<stat pass="1" fail="0" skip="0" id="s1-s1-s1" name="API">-PTFL-SwagLabs-Gab.Tests.API</stat>
</suite>
</statistics>
<errors>
</errors>
</robot>
