<?xml version="1.0" encoding="UTF-8"?>
<robot generator="Robot 7.0.1 (Python 3.9.6 on darwin)" generated="2024-07-02T17:56:13.050091" rpa="false" schemaversion="5">
<suite id="s1" name="-PTFL-SwagLabs-Gab" source="/Users/gabrielbarbosa/Docs/-PTFL-SwagLabs-Gab">
<suite id="s1-s1" name="Tests" source="/Users/gabrielbarbosa/Docs/-PTFL-SwagLabs-Gab/tests">
<suite id="s1-s1-s1" name="03. Serve API" source="/Users/gabrielbarbosa/Docs/-PTFL-SwagLabs-Gab/tests/03. Serve_API.robot">
<test id="s1-s1-s1-t1" name="Create New User POST" line="9">
<kw name="Create Session" owner="RequestsLibrary">
<msg time="2024-07-02T17:56:13.298249" level="INFO">Creating Session using : alias=server_rest, url=https://serverest.dev, headers={},                     cookies={}, auth=None, timeout=None, proxies=None, verify=False,                     debug=0 </msg>
<arg>alias=server_rest</arg>
<arg>url=https://serverest.dev</arg>
<doc>Create Session: create a HTTP session to a server</doc>
<status status="PASS" start="2024-07-02T17:56:13.297865" elapsed="0.000734"/>
</kw>
<kw name="Create Dictionary" owner="BuiltIn">
<msg time="2024-07-02T17:56:13.299395" level="INFO">${header} = {'Content-Type': 'application/json'}</msg>
<var>${header}</var>
<arg>Content-Type=application/json</arg>
<doc>Creates and returns a dictionary based on the given ``items``.</doc>
<status status="PASS" start="2024-07-02T17:56:13.298924" elapsed="0.000590"/>
</kw>
<kw name="POST On Session" owner="RequestsLibrary">
<msg time="2024-07-02T17:56:13.569766" level="INFO">POST Request : url=https://serverest.dev/usuarios 
 path_url=/usuarios 
 headers={'User-Agent': 'python-requests/2.32.3', 'Accept-Encoding': 'gzip, deflate', 'Accept': '*/*', 'Connection': 'keep-alive', 'Content-Type': 'application/json', 'Content-Length': '103'} 
 body= { "nome": "Gab APIT", "email": "apitestubg@qa4.com.br", "password": "tst321", "administrador": "true"} 
 </msg>
<msg time="2024-07-02T17:56:13.570128" level="INFO">POST Response : url=https://serverest.dev/usuarios 
 status=400, reason=Bad Request 
 headers={'access-control-allow-origin': '*', 'x-dns-prefetch-control': 'off', 'x-frame-options': 'SAMEORIGIN', 'strict-transport-security': 'max-age=15552000; includeSubDomains', 'x-download-options': 'noopen', 'x-content-type-options': 'nosniff', 'x-xss-protection': '1; mode=block', 'content-type': 'application/json; charset=utf-8', 'X-Cloud-Trace-Context': '407ae87f4c34ccb64e4c9b2b0970bb8c', 'Date': 'Tue, 02 Jul 2024 16:56:13 GMT', 'Server': 'Google Frontend', 'Content-Length': '53'} 
 body={
    "message": "Este email já está sendo usado"
} 
 </msg>
<msg time="2024-07-02T17:56:13.570430" level="INFO">/Users/gabrielbarbosa/Library/Python/3.9/lib/python/site-packages/urllib3/connectionpool.py:1099: InsecureRequestWarning: Unverified HTTPS request is being made to host 'serverest.dev'. Adding certificate verification is strongly advised. See: https://urllib3.readthedocs.io/en/latest/advanced-usage.html#tls-warnings
  warnings.warn(</msg>
<msg time="2024-07-02T17:56:13.570809" level="FAIL">Url: https://serverest.dev/usuarios Expected status: 400 != 201</msg>
<var>${response}</var>
<arg>alias=server_rest</arg>
<arg>url=/usuarios</arg>
<arg>expected_status=201</arg>
<arg>headers=${header}</arg>
<arg>data= { "nome": "Gab APIT", "email": "apitestubg@qa4.com.br", "password": "tst321", "administrador": "true"}</arg>
<doc>Sends a POST request on a previously created HTTP Session.</doc>
<status status="FAIL" start="2024-07-02T17:56:13.299787" elapsed="0.280758">Url: https://serverest.dev/usuarios Expected status: 400 != 201</status>
</kw>
<kw name="Log" owner="BuiltIn">
<arg>${response.json()}</arg>
<arg>console=True</arg>
<doc>Logs the given message with the given level.</doc>
<status status="NOT RUN" start="2024-07-02T17:56:13.581039" elapsed="0.000206"/>
</kw>
<status status="FAIL" start="2024-07-02T17:56:13.296116" elapsed="0.285516">Url: https://serverest.dev/usuarios Expected status: 400 != 201</status>
</test>
<status status="FAIL" start="2024-07-02T17:56:13.081756" elapsed="0.501068"/>
</suite>
<status status="FAIL" start="2024-07-02T17:56:13.079992" elapsed="0.504588"/>
</suite>
<status status="FAIL" start="2024-07-02T17:56:13.053927" elapsed="0.531947"/>
</suite>
<statistics>
<total>
<stat pass="0" fail="1" skip="0">All Tests</stat>
</total>
<tag>
</tag>
<suite>
<stat pass="0" fail="1" skip="0" id="s1" name="-PTFL-SwagLabs-Gab">-PTFL-SwagLabs-Gab</stat>
<stat pass="0" fail="1" skip="0" id="s1-s1" name="Tests">-PTFL-SwagLabs-Gab.Tests</stat>
<stat pass="0" fail="1" skip="0" id="s1-s1-s1" name="03. Serve API">-PTFL-SwagLabs-Gab.Tests.03. Serve API</stat>
</suite>
</statistics>
<errors>
</errors>
</robot>
